[debug] [2025-08-08T23:34:40.597Z] ----------------------------------------------------------------------
[debug] [2025-08-08T23:34:40.602Z] Command:       /usr/local/bin/node /usr/local/bin/firebase init
[debug] [2025-08-08T23:34:40.603Z] CLI Version:   14.12.0
[debug] [2025-08-08T23:34:40.603Z] Platform:      darwin
[debug] [2025-08-08T23:34:40.603Z] Node Version:  v22.17.0
[debug] [2025-08-08T23:34:40.603Z] Time:          Fri Aug 08 2025 19:34:40 GMT-0400 (Chile Standard Time)
[debug] [2025-08-08T23:34:40.604Z] ----------------------------------------------------------------------
[debug] 
[debug] [2025-08-08T23:34:41.006Z] > command requires scopes: ["email","openid","https://www.googleapis.com/auth/cloudplatformprojects.readonly","https://www.googleapis.com/auth/firebase","https://www.googleapis.com/auth/cloud-platform"]
[debug] [2025-08-08T23:34:41.007Z] > authorizing via signed-in user (esteban@saborez.cl)
[info] 
     ######## #### ########  ######## ########     ###     ######  ########
     ##        ##  ##     ## ##       ##     ##  ##   ##  ##       ##
     ######    ##  ########  ######   ########  #########  ######  ######
     ##        ##  ##    ##  ##       ##     ## ##     ##       ## ##
     ##       #### ##     ## ######## ########  ##     ##  ######  ########

You're about to initialize a Firebase project in this directory:

  /Users/estebanzarate

Before we get started, keep in mind:

  * You are initializing within an existing Firebase project directory

